Success (2):
processModel 8 0002dc9a-7a86-8000-2e72-014d98014d98 "Application 1 Related Action"
application 2645 _a-0000dc9a-700d-8000-2e72-01ef9001ef90_2645 "Application 1"

Referenced precedents that were not exported (3):
group 13 _e-0000dc9a-7174-8000-2e72-011e94011e94_13
group 8 _e-0000dc9a-7174-8000-2e72-011e94011e94_8
processModelFolder 2 _g-0000dc9a-707d-8000-2e72-014d98014d98_2

Trace:
2016-03-07 19:29:00.601 DEBUG application 2645 _a-0000dc9a-700d-8000-2e72-01ef9001ef90_2645 Begin transport.
2016-03-07 19:29:00.601 DEBUG application 2645 _a-0000dc9a-700d-8000-2e72-01ef9001ef90_2645 Retrieving object data.
2016-03-07 19:29:00.603 DEBUG application 2645 _a-0000dc9a-700d-8000-2e72-01ef9001ef90_2645 App associated objects: GlobalIdMap[processModel=[0002dc9a-7a86-8000-2e72-014d98014d98]]
2016-03-07 19:29:00.604 DEBUG application 2645 _a-0000dc9a-700d-8000-2e72-01ef9001ef90_2645 Invalid associated objects: GlobalIdMap[]
2016-03-07 19:29:00.604 DEBUG application 2645 _a-0000dc9a-700d-8000-2e72-01ef9001ef90_2645 Adding valid associated objects to be exported: GlobalBindingMap[processModel={0002dc9a-7a86-8000-2e72-014d98014d98=8}]
2016-03-07 19:29:00.604 DEBUG application 2645 _a-0000dc9a-700d-8000-2e72-01ef9001ef90_2645 Setting uuids of object references.
2016-03-07 19:29:00.604 DEBUG application 2645 _a-0000dc9a-700d-8000-2e72-01ef9001ef90_2645 Processing reference: Application.forum
2016-03-07 19:29:00.605 DEBUG application 2645 _a-0000dc9a-700d-8000-2e72-01ef9001ef90_2645 Processing reference: Application.parent
2016-03-07 19:29:00.606 DEBUG application 2645 _a-0000dc9a-700d-8000-2e72-01ef9001ef90_2645 Processing reference: com.appiancorp.suiteapi.content.ContentRoleMap@3a1ca42[
  ContentRole[name=readers,inherit=false,allowForAll=false]
  ContentRole[name=authors,inherit=false,allowForAll=false]
  ContentRole[name=administrators,inherit=false,allowForAll=false]
  ContentRole[name=denyReaders,inherit=false,allowForAll=false]
  ContentRole[name=denyAuthors,inherit=false,allowForAll=false]
  ContentRole[name=denyAdministrators,inherit=false,allowForAll=false]
  securityVector=1:SEC_PUBLIC=true,SEC_CREATOR_ADMIN=false,SEC_INH_ADMIN=false,SEC_INH_EDITOR=false,SEC_INH_VIEWER=false,SEC_ALL_ADMIN=false,SEC_ALL_EDITOR=false,SEC_ALL_VIEWER=false
]
2016-03-07 19:29:00.606 DEBUG application 2645 _a-0000dc9a-700d-8000-2e72-01ef9001ef90_2645 Processing reference: ContentRole[name=readers,inherit=false,allowForAll=false]
2016-03-07 19:29:00.606 DEBUG application 2645 _a-0000dc9a-700d-8000-2e72-01ef9001ef90_2645 Processing reference: ContentRole[name=authors,inherit=false,allowForAll=false]
2016-03-07 19:29:00.606 DEBUG application 2645 _a-0000dc9a-700d-8000-2e72-01ef9001ef90_2645 Processing reference: ContentRole[name=administrators,inherit=false,allowForAll=false]
2016-03-07 19:29:00.606 DEBUG application 2645 _a-0000dc9a-700d-8000-2e72-01ef9001ef90_2645 Processing reference: ContentRole[name=denyReaders,inherit=false,allowForAll=false]
2016-03-07 19:29:00.606 DEBUG application 2645 _a-0000dc9a-700d-8000-2e72-01ef9001ef90_2645 Processing reference: ContentRole[name=denyAuthors,inherit=false,allowForAll=false]
2016-03-07 19:29:00.606 DEBUG application 2645 _a-0000dc9a-700d-8000-2e72-01ef9001ef90_2645 Processing reference: ContentRole[name=denyAdministrators,inherit=false,allowForAll=false]
2016-03-07 19:29:00.607 DEBUG processModel 8 0002dc9a-7a86-8000-2e72-014d98014d98 Begin transport.
2016-03-07 19:29:00.607 DEBUG processModel 8 0002dc9a-7a86-8000-2e72-014d98014d98 Retrieving object data.
2016-03-07 19:29:00.625 DEBUG processModel 8 0002dc9a-7a86-8000-2e72-014d98014d98 Setting uuids of object references.
2016-03-07 19:29:00.625 DEBUG processModel 8 0002dc9a-7a86-8000-2e72-014d98014d98 Processing reference: ProcessModelHaul.folderId
2016-03-07 19:29:00.626 DEBUG processModel 8 0002dc9a-7a86-8000-2e72-014d98014d98 Processing reference: ProcessModelHaul.modelDashboardPageId
2016-03-07 19:29:00.626 DEBUG processModel 8 0002dc9a-7a86-8000-2e72-014d98014d98 Processing reference: ProcessModelHaul.processDashboardPageId
2016-03-07 19:29:00.626 DEBUG processModel 8 0002dc9a-7a86-8000-2e72-014d98014d98 Processing reference: ProcessModel.emailAttachmentFolderId
2016-03-07 19:29:00.627 DEBUG processModel 8 0002dc9a-7a86-8000-2e72-014d98014d98 Processing reference: ActivityClassParameter[name=pmID,it=23,v=<null>]
2016-03-07 19:29:00.627 DEBUG processModel 8 0002dc9a-7a86-8000-2e72-014d98014d98 Processing reference: ActivityClassParameter[name=inMap,it=111,v={}]
2016-03-07 19:29:00.627 DEBUG processModel 8 0002dc9a-7a86-8000-2e72-014d98014d98 Processing reference: ActivityClassParameter[name=procInheritsPriority,it=1,v=1]
2016-03-07 19:29:00.627 DEBUG processModel 8 0002dc9a-7a86-8000-2e72-014d98014d98 Processing reference: ActivityClassParameter[name=pmUUID,it=3,v=]
2016-03-07 19:29:00.627 DEBUG processModel 8 0002dc9a-7a86-8000-2e72-014d98014d98 Processing reference: ActivityClassParameter[name=isAsynchronous,it=26,v=1]
2016-03-07 19:29:00.628 DEBUG processModel 8 0002dc9a-7a86-8000-2e72-014d98014d98 Processing reference: ActivityClassParameter[name=isTransparent,it=26,v=1]
2016-03-07 19:29:00.628 DEBUG processModel 8 0002dc9a-7a86-8000-2e72-014d98014d98 Processing reference: ActivityClassParameter[name=inheritSecurity,it=26,v=0]
2016-03-07 19:29:00.628 DEBUG processModel 8 0002dc9a-7a86-8000-2e72-014d98014d98 Processing reference: com.appiancorp.suiteapi.process.ProcessRoleMap@adf00df[
  Role[name=ADMIN_OWNER,groupIds=[13]]
  Role[name=EDITOR]
  Role[name=EXPLICIT_NONMEMBER]
  Role[name=VIEWER,groupIds=[8]]
  Role[name=MANAGER]
  Role[name=INITIATOR]
]
2016-03-07 19:29:00.628 DEBUG processModel 8 0002dc9a-7a86-8000-2e72-014d98014d98 Processing reference: Role[name=ADMIN_OWNER,groupIds=[13]]
2016-03-07 19:29:00.629 DEBUG processModel 8 0002dc9a-7a86-8000-2e72-014d98014d98 Processing reference: Role[name=EDITOR]
2016-03-07 19:29:00.629 DEBUG processModel 8 0002dc9a-7a86-8000-2e72-014d98014d98 Processing reference: Role[name=EXPLICIT_NONMEMBER]
2016-03-07 19:29:00.629 DEBUG processModel 8 0002dc9a-7a86-8000-2e72-014d98014d98 Processing reference: Role[name=VIEWER,groupIds=[8]]
2016-03-07 19:29:00.63 DEBUG processModel 8 0002dc9a-7a86-8000-2e72-014d98014d98 Processing reference: Role[name=MANAGER]
2016-03-07 19:29:00.63 DEBUG processModel 8 0002dc9a-7a86-8000-2e72-014d98014d98 Processing reference: Role[name=INITIATOR]
2016-03-07 19:29:00.63 DEBUG processModel 8 0002dc9a-7a86-8000-2e72-014d98014d98 Exporting binary resources.
2016-03-07 19:29:00.63 DEBUG processModel 8 0002dc9a-7a86-8000-2e72-014d98014d98 Serializing object to XML.
2016-03-07 19:29:00.636 DEBUG processModel 8 0002dc9a-7a86-8000-2e72-014d98014d98 Object transported.
2016-03-07 19:29:00.636 DEBUG application 2645 _a-0000dc9a-700d-8000-2e72-01ef9001ef90_2645 Exporting binary resources.
2016-03-07 19:29:00.636 DEBUG application 2645 _a-0000dc9a-700d-8000-2e72-01ef9001ef90_2645 Serializing object to XML.
2016-03-07 19:29:00.639 DEBUG application 2645 _a-0000dc9a-700d-8000-2e72-01ef9001ef90_2645 Object transported.
